Build started 7/30/2014 12:21:01 AM.
     1>Project "C:\Users\New2\documents\visual studio 2013\Projects\nullproj0\nullproj0\nullproj0.vcxproj" on node 2 (Build target(s)).
     1>ClCompile:
         C:\Program Files (x86)\Microsoft Visual Studio 12.0\VC\bin\CL.exe /c /Zi /nologo /W3 /WX- /O2 /Oi /Oy- /GL /D WIN32 /D NDEBUG /D _CONSOLE /D _LIB /D _UNICODE /D UNICODE /Gm- /EHsc /MD /GS /Gy /fp:precise /Zc:wchar_t /Zc:forScope /Fo"Release\\" /Fd"Release\vc120.pdb" /Gd /TP /analyze- /errorReport:prompt nteKeys.cpp
         nteKeys.cpp
       Link:
         C:\Program Files (x86)\Microsoft Visual Studio 12.0\VC\bin\link.exe /ERRORREPORT:PROMPT /OUT:"C:\Users\New2\documents\visual studio 2013\Projects\nullproj0\Release\nullproj0.exe" /INCREMENTAL:NO /NOLOGO opengl32.lib glew32.lib glu32.lib SDL2main.lib SDL2.lib kernel32.lib user32.lib gdi32.lib winspool.lib comdlg32.lib advapi32.lib shell32.lib ole32.lib oleaut32.lib uuid.lib odbc32.lib odbccp32.lib /MANIFEST /MANIFESTUAC:"level='asInvoker' uiAccess='false'" /manifest:embed /DEBUG /PDB:"C:\Users\New2\documents\visual studio 2013\Projects\nullproj0\Release\nullproj0.pdb" /SUBSYSTEM:CONSOLE /OPT:REF /OPT:ICF /LTCG /TLBID:1 /DYNAMICBASE /NXCOMPAT /IMPLIB:"C:\Users\New2\documents\visual studio 2013\Projects\nullproj0\Release\nullproj0.lib" /MACHINE:X86 /SAFESEH Release\lodepng.obj
         Release\main.obj
         Release\nteCamera.obj
         Release\nteConfiguration.obj
         Release\nteError.obj
         Release\nteGameObject.obj
         Release\nteKeys.obj
         Release\nteModel.obj
         Release\nteNoise.obj
         Release\nteResourceManager.obj
         Release\nteShader.obj
         Release\nteTexture.obj
         Release\nteTime.obj
         Release\nteTransform.obj
         Release\nteVoxelMap.obj
         Release\nteWindow.obj
         Generating code
         Finished generating code
         nullproj0.vcxproj -> C:\Users\New2\documents\visual studio 2013\Projects\nullproj0\Release\nullproj0.exe
     1>Done Building Project "C:\Users\New2\documents\visual studio 2013\Projects\nullproj0\nullproj0\nullproj0.vcxproj" (Build target(s)).

Build succeeded.

Time Elapsed 00:00:01.88
